[debug] [2020-02-25T04:47:31.578Z] ----------------------------------------------------------------------
[debug] [2020-02-25T04:47:31.580Z] Command:       C:\Program Files\nodejs\node.exe C:\Users\admin\AppData\Roaming\npm\node_modules\firebase-tools\lib\bin\firebase.js init
[debug] [2020-02-25T04:47:31.580Z] CLI Version:   7.12.1
[debug] [2020-02-25T04:47:31.580Z] Platform:      win32
[debug] [2020-02-25T04:47:31.580Z] Node Version:  v12.14.1
[debug] [2020-02-25T04:47:31.581Z] Time:          Tue Feb 25 2020 13:47:31 GMT+0900 (GMT+09:00)
[debug] [2020-02-25T04:47:31.582Z] ----------------------------------------------------------------------
[debug] [2020-02-25T04:47:31.582Z] 
[debug] [2020-02-25T04:47:31.591Z] > command requires scopes: ["email","openid","https://www.googleapis.com/auth/cloudplatformprojects.readonly","https://www.googleapis.com/auth/firebase","https://www.googleapis.com/auth/cloud-platform"]
[debug] [2020-02-25T04:47:31.591Z] > authorizing via signed-in user
[info] 
     ######## #### ########  ######## ########     ###     ######  ########
     ##        ##  ##     ## ##       ##     ##  ##   ##  ##       ##
     ######    ##  ########  ######   ########  #########  ######  ######
     ##        ##  ##    ##  ##       ##     ## ##     ##       ## ##
     ##       #### ##     ## ######## ########  ##     ##  ######  ########

You're about to initialize a Firebase project in this directory:

  C:\Users\admin\Desktop\inno-lab\f5game

Before we get started, keep in mind:

  * You are initializing in an existing Firebase project directory

